<?xml version="1.0" encoding="UTF-8"?>
<!-- Generated by org.testng.reporters.JUnitXMLReporter -->
<testsuite ignored="1" hostname="DESKTOP-HOF3APB" failures="0" tests="4" name="Test" time="161.938" errors="0" timestamp="2024-02-10T14:06:41 CST">
  <testcase classname="test.LoginTest" name="validUserShouldBeAbleToLogin" time="12.279"/>
  <testcase classname="test.LoginTest" name="validateLoginPageErrorMsgs" time="3.227"/>
  <testcase classname="test.NewCustomerTest" name="userShouldBeAbleToAddNewCustomer" time="72.341"/>
  <testcase classname="test.ListCustomerTest" name="userShouldBeAbleToEditCustomer" time="73.915"/>
  <testcase classname="test.NewCustomerTest" name="testLeftNavPanel" time="0.0">
    <ignored/>
  </testcase> <!-- testLeftNavPanel -->
</testsuite> <!-- Test -->
