<?xml version="1.0" encoding="UTF-8"?>
<testng-results ignored="0" total="4" passed="4" failed="0" skipped="0">
  <reporter-output>
  </reporter-output>
  <suite started-at="2024-02-10T14:03:59 CST" name="Suite" finished-at="2024-02-10T14:06:41 CST" duration-ms="161938">
    <groups>
      <group name="regression">
        <method signature="ListCustomerTest.userShouldBeAbleToEditCustomer()[pri:0, instance:test.ListCustomerTest@4d154ccd]" name="userShouldBeAbleToEditCustomer" class="test.ListCustomerTest"/>
        <method signature="LoginTest.validUserShouldBeAbleToLogin()[pri:0, instance:test.LoginTest@55634720]" name="validUserShouldBeAbleToLogin" class="test.LoginTest"/>
        <method signature="LoginTest.validateLoginPageErrorMsgs()[pri:0, instance:test.LoginTest@55634720]" name="validateLoginPageErrorMsgs" class="test.LoginTest"/>
        <method signature="NewCustomerTest.userShouldBeAbleToAddNewCustomer()[pri:0, instance:test.NewCustomerTest@65c7a252]" name="userShouldBeAbleToAddNewCustomer" class="test.NewCustomerTest"/>
      </group> <!-- regression -->
      <group name="smoke">
        <method signature="LoginTest.validUserShouldBeAbleToLogin()[pri:0, instance:test.LoginTest@55634720]" name="validUserShouldBeAbleToLogin" class="test.LoginTest"/>
      </group> <!-- smoke -->
    </groups>
    <test started-at="2024-02-10T14:03:59 CST" name="Test" finished-at="2024-02-10T14:06:41 CST" duration-ms="161938">
      <class name="test.LoginTest">
        <test-method is-config="true" signature="readJson()[pri:0, instance:test.LoginTest@55634720]" started-at="2024-02-10T14:03:59 CST" name="readJson" finished-at="2024-02-10T14:03:59 CST" duration-ms="53" status="PASS">
          <reporter-output>
          </reporter-output>
        </test-method> <!-- readJson -->
        <test-method signature="validUserShouldBeAbleToLogin()[pri:0, instance:test.LoginTest@55634720]" started-at="2024-02-10T14:03:59 CST" name="validUserShouldBeAbleToLogin" finished-at="2024-02-10T14:04:11 CST" duration-ms="12279" status="PASS">
          <reporter-output>
          </reporter-output>
        </test-method> <!-- validUserShouldBeAbleToLogin -->
        <test-method is-config="true" signature="readJson()[pri:0, instance:test.LoginTest@55634720]" started-at="2024-02-10T14:04:11 CST" name="readJson" finished-at="2024-02-10T14:04:11 CST" duration-ms="2" status="PASS">
          <reporter-output>
          </reporter-output>
        </test-method> <!-- readJson -->
        <test-method signature="validateLoginPageErrorMsgs()[pri:0, instance:test.LoginTest@55634720]" started-at="2024-02-10T14:04:11 CST" name="validateLoginPageErrorMsgs" finished-at="2024-02-10T14:04:15 CST" duration-ms="3227" status="PASS">
          <reporter-output>
          </reporter-output>
        </test-method> <!-- validateLoginPageErrorMsgs -->
      </class> <!-- test.LoginTest -->
      <class name="test.NewCustomerTest">
        <test-method is-config="true" signature="readJson()[pri:0, instance:test.NewCustomerTest@65c7a252]" started-at="2024-02-10T14:04:15 CST" name="readJson" finished-at="2024-02-10T14:04:15 CST" duration-ms="1" status="PASS">
          <reporter-output>
          </reporter-output>
        </test-method> <!-- readJson -->
        <test-method signature="userShouldBeAbleToAddNewCustomer()[pri:0, instance:test.NewCustomerTest@65c7a252]" started-at="2024-02-10T14:04:15 CST" name="userShouldBeAbleToAddNewCustomer" finished-at="2024-02-10T14:05:27 CST" duration-ms="72341" status="PASS">
          <reporter-output>
          </reporter-output>
        </test-method> <!-- userShouldBeAbleToAddNewCustomer -->
      </class> <!-- test.NewCustomerTest -->
      <class name="test.ListCustomerTest">
        <test-method is-config="true" signature="readJson()[pri:0, instance:test.ListCustomerTest@4d154ccd]" started-at="2024-02-10T14:05:27 CST" name="readJson" finished-at="2024-02-10T14:05:27 CST" duration-ms="2" status="PASS">
          <reporter-output>
          </reporter-output>
        </test-method> <!-- readJson -->
        <test-method signature="userShouldBeAbleToEditCustomer()[pri:0, instance:test.ListCustomerTest@4d154ccd]" started-at="2024-02-10T14:05:27 CST" name="userShouldBeAbleToEditCustomer" finished-at="2024-02-10T14:06:41 CST" duration-ms="73915" status="PASS">
          <reporter-output>
          </reporter-output>
        </test-method> <!-- userShouldBeAbleToEditCustomer -->
      </class> <!-- test.ListCustomerTest -->
    </test> <!-- Test -->
  </suite> <!-- Suite -->
</testng-results>
